

 ETABS Ultimate 64-bit 18.0.2 Build 2064 (Analysis Build 9758/64)
 File: D:\jcalv\Escritorio\Acero\Acero.LOG




 B E G I N   A N A L Y S I S                                2020/09/23  13:18:49


 RUNNING ANALYSIS AS A SEPARATE PROCESS
 USING THE ADVANCED SOLVER (PROVIDES LIMITED INSTABILITY INFORMATION)

 NUMBER OF JOINTS                          =        5982
    WITH RESTRAINTS                        =          28
    WITH MASS                              =        5978
 NUMBER OF FRAME/TENDON ELEMENTS           =        4765
 NUMBER OF SHELL ELEMENTS                  =        5432
 NUMBER OF LOAD PATTERNS                   =           5
 NUMBER OF ACCELERATION LOADS              =           9
 NUMBER OF LOAD CASES                      =           8

 ADDRESSABLE PHYSICAL MEMORY (RAM)         =      15.846 GB

 PARALLELIZATION OF ANALYSIS OPERATIONS:
 (Env. variable SAPFIRE_NUM_THREADS        =           0)
 NUMBER OF THREADS: STATE (AUTOMATIC)      =           6
 NUMBER OF THREADS: STIFFNESS (AUTOMATIC)  =           6
 NUMBER OF THREADS: EVENT (AUTOMATIC)      =           6
 NUMBER OF THREADS: MOVE (AUTOMATIC)       =           6
 NUMBER OF THREADS: RESPONSE (AUTOMATIC)   =           6
 NUMBER OF THREADS: SOLVE (AUTOMATIC)      =           6
 NUMBER OF THREADS: FORM (AUTOMATIC)       =           6


 E L E M E N T   F O R M A T I O N                                      13:18:49



 L I N E A R   E Q U A T I O N   S O L U T I O N                        13:18:50

 FORMING STIFFNESS AT ZERO (UNSTRESSED) INITIAL CONDITIONS

 TOTAL NUMBER OF EQUILIBRIUM EQUATIONS     =       35808
 NUMBER OF NON-ZERO STIFFNESS TERMS        =      911559

 ---------------------------------
 BASIC STABILITY CHECK FOR LINEAR LOAD CASES:
    NUMBER OF NEGATIVE STIFFNESS EIGENVALUES SHOULD BE ZERO FOR STABILITY.
    (NOTE: FURTHER CHECKS SHOULD BE CONSIDERED AS DEEMED NECESSARY,
     SUCH AS REVIEWING EIGEN MODES FOR MECHANISMS AND RIGID-BODY MOTION)

    NUMBER OF NEGATIVE EIGENVALUES         =           0,  OK.
 ---------------------------------


 L I N E A R   S T A T I C   C A S E S                                  13:18:53

 USING STIFFNESS AT ZERO (UNSTRESSED) INITIAL CONDITIONS

 TOTAL NUMBER OF CASES TO SOLVE            =           5
 NUMBER OF CASES TO SOLVE PER BLOCK        =           5

 LINEAR STATIC CASES TO BE SOLVED:

 CASE: DEAD
 CASE: LIVE
 CASE: SD
 CASE: NOTIONAL
 CASE: ~LLRF


 E I G E N   M O D A L   A N A L Y S I S                                13:18:55

 CASE: MODAL

 USING STIFFNESS AT ZERO (UNSTRESSED) INITIAL CONDITIONS

 NUMBER OF STIFFNESS DEGREES OF FREEDOM    =       35808
 NUMBER OF MASS DEGREES OF FREEDOM         =       11900
 MAXIMUM NUMBER OF EIGEN MODES SOUGHT      =          24
 MINIMUM NUMBER OF EIGEN MODES SOUGHT      =           1
 NUMBER OF RESIDUAL-MASS MODES SOUGHT      =           0
 NUMBER OF SUBSPACE VECTORS USED           =          24
 RELATIVE CONVERGENCE TOLERANCE            =    1.00E-09

 FREQUENCY SHIFT  (CENTER) (CYC/TIME)      =     .000000
 FREQUENCY CUTOFF (RADIUS) (CYC/TIME)      =  -INFINITY-
 ALLOW AUTOMATIC FREQUENCY SHIFTING        =         YES


 Original stiffness at shift : EV= 0.0000000E+00, f=     .000000, T=  -INFINITY-
 Number of eigenvalues below shift =      0

 Iteration    Approximations to next 5 eigenvalues, from shift EV= 0.0000000E+00
       1   1.8997597E+01 2.1872473E+01 3.2094372E+01 1.3570304E+02 1.5400522E+02
       2   1.8625339E+01 2.1386812E+01 3.1088133E+01 1.1852398E+02 1.3864905E+02
       3   1.8625336E+01 2.1386809E+01 3.1088103E+01 1.1852003E+02 1.3864296E+02
       4   1.8625336E+01 2.1386809E+01 3.1088103E+01 1.1852002E+02 1.3864296E+02

 Found mode      1 of     24:  EV= 1.8625336E+01, f=    0.686866, T=    1.455887
 Found mode      2 of     24:  EV= 2.1386809E+01, f=    0.736026, T=    1.358648
 Found mode      3 of     24:  EV= 3.1088103E+01, f=    0.887396, T=    1.126893

 Iteration    Approximations to next 5 eigenvalues, from shift EV= 0.0000000E+00
       5   1.1852002E+02 1.3864296E+02 1.9225224E+02 2.8650856E+02 3.8784767E+02

 Found mode      4 of     24:  EV= 1.1852002E+02, f=    1.732671, T=    0.577144
 Found mode      5 of     24:  EV= 1.3864296E+02, f=    1.873998, T=    0.533619
 Found mode      6 of     24:  EV= 1.9225224E+02, f=    2.206764, T=    0.453152
 Found mode      7 of     24:  EV= 2.8650856E+02, f=    2.693946, T=    0.371203

 Iteration    Approximations to next 5 eigenvalues, from shift EV= 0.0000000E+00
       6   3.8784767E+02 4.5809164E+02 5.9095724E+02 7.2539847E+02 8.2256142E+02

 Found mode      8 of     24:  EV= 3.8784767E+02, f=    3.134373, T=    0.319043
 Found mode      9 of     24:  EV= 4.5809164E+02, f=    3.406405, T=    0.293565

 Iteration    Approximations to next 5 eigenvalues, from shift EV= 0.0000000E+00
       7   5.9095724E+02 7.2539847E+02 8.2256141E+02 9.7900269E+02 1.3209332E+03

 Found mode     10 of     24:  EV= 5.9095724E+02, f=    3.868995, T=    0.258465
 Found mode     11 of     24:  EV= 7.2539847E+02, f=    4.286555, T=    0.233288

 Iteration    Approximations to next 5 eigenvalues, from shift EV= 0.0000000E+00
       8   8.2256141E+02 9.7900269E+02 1.3209332E+03 1.4527116E+03 1.7574265E+03

 Found mode     12 of     24:  EV= 8.2256141E+02, f=    4.564617, T=    0.219076
 Found mode     13 of     24:  EV= 9.7900269E+02, f=    4.979802, T=    0.200811

 Iteration    Approximations to next 5 eigenvalues, from shift EV= 0.0000000E+00
       9   1.3209332E+03 1.4527116E+03 1.7574263E+03 2.1486039E+03 2.4738524E+03

 Found mode     14 of     24:  EV= 1.3209332E+03, f=    5.784430, T=    0.172878
 Found mode     15 of     24:  EV= 1.4527116E+03, f=    6.066104, T=    0.164850

 Iteration    Approximations to next 5 eigenvalues, from shift EV= 0.0000000E+00
      10   1.7574263E+03 2.1486038E+03 2.4738522E+03 2.5245278E+03 3.1835249E+03
      11   1.7574263E+03 2.1486038E+03 2.4738522E+03 2.5245278E+03 3.1835245E+03

 Found mode     16 of     24:  EV= 1.7574263E+03, f=    6.672041, T=    0.149879
 Found mode     17 of     24:  EV= 2.1486038E+03, f=    7.377315, T=    0.135551

 Iteration    Approximations to next 5 eigenvalues, from shift EV= 0.0000000E+00
      12   2.4738522E+03 2.5245278E+03 3.1835245E+03 3.2438844E+03 3.4192375E+03

 Found mode     18 of     24:  EV= 2.4738522E+03, f=    7.916022, T=    0.126326
 Found mode     19 of     24:  EV= 2.5245278E+03, f=    7.996689, T=    0.125052

 Iteration    Approximations to next 5 eigenvalues, from shift EV= 0.0000000E+00
      13   3.1835245E+03 3.2438843E+03 3.4192375E+03 4.3498084E+03 4.8455427E+03

 Found mode     20 of     24:  EV= 3.1835245E+03, f=    8.979956, T=    0.111359

 Iteration    Approximations to next 5 eigenvalues, from shift EV= 0.0000000E+00
      14   3.2438843E+03 3.4192375E+03 4.3498076E+03 4.8455192E+03 5.2419146E+03

 Found mode     21 of     24:  EV= 3.2438843E+03, f=    9.064687, T=    0.110318
 Found mode     22 of     24:  EV= 3.4192375E+03, f=    9.306465, T=    0.107452

 Iteration    Approximations to next 5 eigenvalues, from shift EV= 0.0000000E+00
      15   4.3498076E+03 4.8455169E+03 5.2419140E+03 5.4216439E+03 6.1318296E+03
      16   4.3498076E+03 4.8455167E+03 5.2419139E+03 5.4216438E+03 6.1318099E+03

 Found mode     23 of     24:  EV= 4.3498076E+03, f=   10.496757, T=    0.095268

 Iteration    Approximations to next 5 eigenvalues, from shift EV= 0.0000000E+00
      17   4.8455167E+03 5.2419139E+03 5.4216438E+03 6.1318082E+03 6.3452377E+03

 Found mode     24 of     24:  EV= 4.8455167E+03, f=   11.078735, T=    0.090263

 NUMBER OF EIGEN MODES FOUND               =          24
 NUMBER OF ITERATIONS PERFORMED            =          17
 NUMBER OF STIFFNESS SHIFTS                =           0


 R E S P O N S E - S P E C T R U M   A N A L Y S I S                    13:19:26

 CASE: SISMO XX

 TYPE OF EXCITATION                        = STANDARD GROUND ACCELERATION

 USING MODES FROM CASE: MODAL
 NUMBER OF DYNAMIC MODES TO BE USED        =          24


 R E S P O N S E - S P E C T R U M   A N A L Y S I S                    13:19:26

 CASE: SISMO YY

 TYPE OF EXCITATION                        = STANDARD GROUND ACCELERATION

 USING MODES FROM CASE: MODAL
 NUMBER OF DYNAMIC MODES TO BE USED        =          24


 A N A L Y S I S   C O M P L E T E                          2020/09/23  13:19:27


 ETABS Ultimate 64-bit 18.0.2 Build 2064 (Analysis Build 9758/64)
 File: D:\jcalv\Escritorio\Acero\Acero.LOG




 B E G I N   A N A L Y S I S                                2020/09/23  13:19:34


 RUNNING ANALYSIS AS A SEPARATE PROCESS
 USING THE ADVANCED SOLVER (PROVIDES LIMITED INSTABILITY INFORMATION)

 NUMBER OF JOINTS                          =        5982
    WITH RESTRAINTS                        =          28
    WITH MASS                              =        5978
 NUMBER OF FRAME/TENDON ELEMENTS           =        4765
 NUMBER OF SHELL ELEMENTS                  =        5432
 NUMBER OF LOAD PATTERNS                   =           7
 NUMBER OF ACCELERATION LOADS              =           9
 NUMBER OF LOAD CASES                      =          10

 ADDRESSABLE PHYSICAL MEMORY (RAM)         =      15.846 GB

 PARALLELIZATION OF ANALYSIS OPERATIONS:
 (Env. variable SAPFIRE_NUM_THREADS        =           0)
 NUMBER OF THREADS: STATE (AUTOMATIC)      =           6
 NUMBER OF THREADS: STIFFNESS (AUTOMATIC)  =           6
 NUMBER OF THREADS: EVENT (AUTOMATIC)      =           6
 NUMBER OF THREADS: MOVE (AUTOMATIC)       =           6
 NUMBER OF THREADS: RESPONSE (AUTOMATIC)   =           6
 NUMBER OF THREADS: SOLVE (AUTOMATIC)      =           6
 NUMBER OF THREADS: FORM (AUTOMATIC)       =           6


 E L E M E N T   F O R M A T I O N                                      13:19:35



 L I N E A R   E Q U A T I O N   S O L U T I O N                        13:19:36

 FORMING STIFFNESS AT ZERO (UNSTRESSED) INITIAL CONDITIONS

 TOTAL NUMBER OF EQUILIBRIUM EQUATIONS     =       35808
 NUMBER OF NON-ZERO STIFFNESS TERMS        =      911559

 ---------------------------------
 BASIC STABILITY CHECK FOR LINEAR LOAD CASES:
    NUMBER OF NEGATIVE STIFFNESS EIGENVALUES SHOULD BE ZERO FOR STABILITY.
    (NOTE: FURTHER CHECKS SHOULD BE CONSIDERED AS DEEMED NECESSARY,
     SUCH AS REVIEWING EIGEN MODES FOR MECHANISMS AND RIGID-BODY MOTION)

    NUMBER OF NEGATIVE EIGENVALUES         =           0,  OK.
 ---------------------------------


 L I N E A R   S T A T I C   C A S E S                                  13:19:39

 USING STIFFNESS AT ZERO (UNSTRESSED) INITIAL CONDITIONS

 TOTAL NUMBER OF CASES TO SOLVE            =           2
 NUMBER OF CASES TO SOLVE PER BLOCK        =           2

 LINEAR STATIC CASES TO BE SOLVED:

 CASE: ~TORSIONSISMO XX
 CASE: ~TORSIONSISMO YY


 R E S P O N S E - S P E C T R U M   A N A L Y S I S                    13:19:40

 CASE: SISMO XX

 TYPE OF EXCITATION                        = STANDARD GROUND ACCELERATION

 USING MODES FROM CASE: MODAL
 NUMBER OF DYNAMIC MODES TO BE USED        =          24


 R E S P O N S E - S P E C T R U M   A N A L Y S I S                    13:19:40

 CASE: SISMO YY

 TYPE OF EXCITATION                        = STANDARD GROUND ACCELERATION

 USING MODES FROM CASE: MODAL
 NUMBER OF DYNAMIC MODES TO BE USED        =          24


 A N A L Y S I S   C O M P L E T E                          2020/09/23  13:19:40
