

 ETABS Ultimate 64-bit 18.0.2 Build 2064 (Analysis Build 9758/64)               
 File: D:\jcalv\Escritorio\Acero\Acero.OUT                                      
                                                                     
                                                                       

 D I S P L A C E M E N T   D E G R E E S   O F   F R E E D O M

         (A) = Active DOF, equilibrium equation
         (-) = Restrained DOF, reaction computed
         (+) = Constrained DOF
         (>) = External substructure DOF
         ( ) = Null DOF

  JOINTS              UX  UY  UZ  RX  RY  RZ
   ~5980 TO     309    A   A   A   A   A   A
     308               -   -   -   A   A   A
     113 TO      99    A   A   A   A   A   A
      98               -   -   -   A   A   A
     224 TO     210    A   A   A   A   A   A
     209               -   -   -   A   A   A
      22 TO       4    A   A   A   A   A   A
       3               -   -   -   A   A   A
   ~3517 TO     298    A   A   A   A   A   A
     297               -   -   -   A   A   A
     197 TO      18    A   A   A   A   A   A
      17               -   -   -   A   A   A
     231 TO     215    A   A   A   A   A   A
     214               -   -   -   A   A   A
      34 TO      13    A   A   A   A   A   A
      12               -   -   -   A   A   A
     182 TO     173    A   A   A   A   A   A
     171               -   -   -   A   A   A
      11 TO     201    A   A   A   A   A   A
     200               -   -   -   A   A   A
      42 TO     404    A   A   A   A   A   A
     403               -   -   -   A   A   A
     199 TO      27    A   A   A   A   A   A
      26               -   -   -   A   A   A
   ~3616 TO     594    A   A   A   A   A   A
     571 TO     570    -   -   -   A   A   A
     550 TO     208    A   A   A   A   A   A
     207               -   -   -   A   A   A
     206 TO     116    A   A   A   A   A   A
     168               -   -   -   A   A   A
     167 TO     187    A   A   A   A   A   A
     184               -   -   -   A   A   A
     190 TO     274    A   A   A   A   A   A
     273               -   -   -   A   A   A
     272 TO      88    A   A   A   A   A   A
      87               -   -   -   A   A   A
      77 TO     416    A   A   A   A   A   A
     415               -   -   -   A   A   A
   ~5858 TO     329    A   A   A   A   A   A
     328               -   -   -   A   A   A
     283               A   A   A   A   A   A
     178               -   -   -   A   A   A
     176 TO     143    A   A   A   A   A   A
     276               -   -   -   A   A   A
     275 TO     247    A   A   A   A   A   A
      94               -   -   -   A   A   A
      93 TO     339    A   A   A   A   A   A
     338               -   -   -   A   A   A
     282               A   A   A   A   A   A
     181               -   -   -   A   A   A
     179 TO     144    A   A   A   A   A   A
     278               -   -   -   A   A   A
     277 TO     248    A   A   A   A   A   A
      96               -   -   -   A   A   A
      95 TO     122    A   A   A   A   A   A
